[0.000][INFO]:      ChromeDriver 18.0.1022.0 /Users/sideroad/bin/chromedriver
[0.487][FINE]:      Initializing session with capabilities {
   "browserName": "chrome",
   "chrome.switches": [  ],
   "chromeOptions": {
      "args": [  ],
      "extensions": [  ]
   },
   "platform": "ANY",
   "version": ""
}

[0.487][INFO]:      Launching chrome: /Applications/Google Chrome.app/Contents/MacOS/Google Chrome --disable-hang-monitor --disable-prompt-on-repost --dom-automation --full-memory-crash-report --no-default-browser-check --no-first-run --ignore-certificate-errors --homepage=about:blank
[1.018][INFO]:      Connected to Chrome successfully. Version: 17.0.963.56
[1.024][FINE]:      Command received (/session/630d5da845457d42d6f32817860103ba)
[1.024][FINE]:      Command finished (/session/630d5da845457d42d6f32817860103ba) with response {
   "sessionId": "630d5da845457d42d6f32817860103ba",
   "status": 0,
   "value": {
      "acceptSslCerts": false,
      "applicationCacheEnabled": false,
      "browserConnectionEnabled": false,
      "browserName": "chrome",
      "chrome.chromedriverVersion": "18.0.1022.0",
      "chrome.nativeEvents": false,
      "cssSelectorsEnabled": true,
      "databaseEnabled": false,
      "handlesAlerts": true,
      "javascriptEnabled": true,
      "locationContextEnabled": false,
      "nativeEvents": true,
      "platform": "mac",
      "rotatable": false,
      "takesScreenshot": true,
      "version": "17.0.963.56",
      "webStorageEnabled": false
   }
}

[1.037][FINE]:      Command received (/session/630d5da845457d42d6f32817860103ba/timeouts/implicit_wait) with params {
   "ms": 30000
}

[1.037][FINER]:     Waiting for all views to stop loading...
[1.052][FINER]:     Done waiting for all views to stop loading
[1.052][FINER]:     Waiting for all views to stop loading...
[1.053][FINER]:     Done waiting for all views to stop loading
[1.053][FINE]:      Command finished (/session/630d5da845457d42d6f32817860103ba/timeouts/implicit_wait) with response {
   "sessionId": "630d5da845457d42d6f32817860103ba",
   "status": 0,
   "value": {

   }
}

[1.728][FINE]:      Command received (/session/630d5da845457d42d6f32817860103ba/url) with params {
   "url": "http://localhost:8080/headjs/tests/ch..."
}

[1.728][FINER]:     Waiting for all views to stop loading...
[1.729][FINER]:     Done waiting for all views to stop loading
[2.146][FINER]:     Waiting for all views to stop loading...
[2.150][FINER]:     Done waiting for all views to stop loading
[2.150][FINE]:      Command finished (/session/630d5da845457d42d6f32817860103ba/url) with response {
   "sessionId": "630d5da845457d42d6f32817860103ba",
   "status": 0,
   "value": {

   }
}

[2.153][FINE]:      Command received (/session/630d5da845457d42d6f32817860103ba/element) with params {
   "using": "css selector",
   "value": "#qunit-testresult"
}

[2.153][FINER]:     Waiting for all views to stop loading...
[2.153][FINER]:     Done waiting for all views to stop loading
[2.184][FINER]:     Waiting for all views to stop loading...
[2.185][FINER]:     Done waiting for all views to stop loading
[2.185][FINE]:      Command finished (/session/630d5da845457d42d6f32817860103ba/element) with response {
   "sessionId": "630d5da845457d42d6f32817860103ba",
   "status": 0,
   "value": {
      "ELEMENT": ":wdc:1329557449240"
   }
}

[2.187][FINE]:      Command received (/session/630d5da845457d42d6f32817860103ba/element) with params {
   "using": "css selector",
   "value": "#qunit-testresult span.passed"
}

[2.187][FINER]:     Waiting for all views to stop loading...
[2.188][FINER]:     Done waiting for all views to stop loading
[2.494][FINER]:     Waiting for all views to stop loading...
[2.494][FINER]:     Done waiting for all views to stop loading
[2.494][FINE]:      Command finished (/session/630d5da845457d42d6f32817860103ba/element) with response {
   "sessionId": "630d5da845457d42d6f32817860103ba",
   "status": 0,
   "value": {
      "ELEMENT": ":wdc:1329557449241"
   }
}

[2.497][FINE]:      Command received (/session/630d5da845457d42d6f32817860103ba/element/:wdc:1329557449241/text)
[2.497][FINER]:     Waiting for all views to stop loading...
[2.498][FINER]:     Done waiting for all views to stop loading
[2.508][FINER]:     Waiting for all views to stop loading...
[2.509][FINER]:     Done waiting for all views to stop loading
[2.509][FINE]:      Command finished (/session/630d5da845457d42d6f32817860103ba/element/:wdc:1329557449241/text) with response {
   "sessionId": "630d5da845457d42d6f32817860103ba",
   "status": 0,
   "value": "10"
}

[2.512][FINE]:      Command received (/session/630d5da845457d42d6f32817860103ba/element) with params {
   "using": "css selector",
   "value": "#qunit-testresult span.total"
}

[2.512][FINER]:     Waiting for all views to stop loading...
[2.513][FINER]:     Done waiting for all views to stop loading
[2.525][FINER]:     Waiting for all views to stop loading...
[2.525][FINER]:     Done waiting for all views to stop loading
[2.525][FINE]:      Command finished (/session/630d5da845457d42d6f32817860103ba/element) with response {
   "sessionId": "630d5da845457d42d6f32817860103ba",
   "status": 0,
   "value": {
      "ELEMENT": ":wdc:1329557449242"
   }
}

[2.528][FINE]:      Command received (/session/630d5da845457d42d6f32817860103ba/element/:wdc:1329557449242/text)
[2.528][FINER]:     Waiting for all views to stop loading...
[2.528][FINER]:     Done waiting for all views to stop loading
[2.538][FINER]:     Waiting for all views to stop loading...
[2.539][FINER]:     Done waiting for all views to stop loading
[2.539][FINE]:      Command finished (/session/630d5da845457d42d6f32817860103ba/element/:wdc:1329557449242/text) with response {
   "sessionId": "630d5da845457d42d6f32817860103ba",
   "status": 0,
   "value": "10"
}

[2.541][FINE]:      Command received (/session/630d5da845457d42d6f32817860103ba/element) with params {
   "using": "css selector",
   "value": "#qunit-testresult span.failed"
}

[2.541][FINER]:     Waiting for all views to stop loading...
[2.542][FINER]:     Done waiting for all views to stop loading
[2.553][FINER]:     Waiting for all views to stop loading...
[2.554][FINER]:     Done waiting for all views to stop loading
[2.554][FINE]:      Command finished (/session/630d5da845457d42d6f32817860103ba/element) with response {
   "sessionId": "630d5da845457d42d6f32817860103ba",
   "status": 0,
   "value": {
      "ELEMENT": ":wdc:1329557449243"
   }
}

[2.557][FINE]:      Command received (/session/630d5da845457d42d6f32817860103ba/element/:wdc:1329557449243/text)
[2.557][FINER]:     Waiting for all views to stop loading...
[2.557][FINER]:     Done waiting for all views to stop loading
[2.567][FINER]:     Waiting for all views to stop loading...
[2.567][FINER]:     Done waiting for all views to stop loading
[2.568][FINE]:      Command finished (/session/630d5da845457d42d6f32817860103ba/element/:wdc:1329557449243/text) with response {
   "sessionId": "630d5da845457d42d6f32817860103ba",
   "status": 0,
   "value": "0"
}

[6.738][FINE]:      Command received (/session/630d5da845457d42d6f32817860103ba/url) with params {
   "url": "http://localhost:8080/jquery.floating..."
}

[6.738][FINER]:     Waiting for all views to stop loading...
[6.739][FINER]:     Done waiting for all views to stop loading
[6.954][FINER]:     Waiting for all views to stop loading...
[6.955][FINER]:     Done waiting for all views to stop loading
[6.955][FINE]:      Command finished (/session/630d5da845457d42d6f32817860103ba/url) with response {
   "sessionId": "630d5da845457d42d6f32817860103ba",
   "status": 0,
   "value": {

   }
}

[6.957][FINE]:      Command received (/session/630d5da845457d42d6f32817860103ba/element) with params {
   "using": "css selector",
   "value": "#qunit-testresult"
}

[6.957][FINER]:     Waiting for all views to stop loading...
[6.958][FINER]:     Done waiting for all views to stop loading
[10.822][FINER]:    Waiting for all views to stop loading...
[10.822][FINER]:    Done waiting for all views to stop loading
[10.822][FINE]:     Command finished (/session/630d5da845457d42d6f32817860103ba/element) with response {
   "sessionId": "630d5da845457d42d6f32817860103ba",
   "status": 0,
   "value": {
      "ELEMENT": ":wdc:1329557457889"
   }
}

[10.825][FINE]:     Command received (/session/630d5da845457d42d6f32817860103ba/element) with params {
   "using": "css selector",
   "value": "#qunit-testresult span.passed"
}

[10.825][FINER]:    Waiting for all views to stop loading...
[10.826][FINER]:    Done waiting for all views to stop loading
[10.831][FINER]:    Waiting for all views to stop loading...
[10.832][FINER]:    Done waiting for all views to stop loading
[10.832][FINE]:     Command finished (/session/630d5da845457d42d6f32817860103ba/element) with response {
   "sessionId": "630d5da845457d42d6f32817860103ba",
   "status": 0,
   "value": {
      "ELEMENT": ":wdc:1329557457890"
   }
}

[10.835][FINE]:     Command received (/session/630d5da845457d42d6f32817860103ba/element/:wdc:1329557457890/text)
[10.835][FINER]:    Waiting for all views to stop loading...
[10.835][FINER]:    Done waiting for all views to stop loading
[10.845][FINER]:    Waiting for all views to stop loading...
[10.846][FINER]:    Done waiting for all views to stop loading
[10.846][FINE]:     Command finished (/session/630d5da845457d42d6f32817860103ba/element/:wdc:1329557457890/text) with response {
   "sessionId": "630d5da845457d42d6f32817860103ba",
   "status": 0,
   "value": "41"
}

[10.848][FINE]:     Command received (/session/630d5da845457d42d6f32817860103ba/element) with params {
   "using": "css selector",
   "value": "#qunit-testresult span.total"
}

[10.848][FINER]:    Waiting for all views to stop loading...
[10.849][FINER]:    Done waiting for all views to stop loading
[10.852][FINER]:    Waiting for all views to stop loading...
[10.853][FINER]:    Done waiting for all views to stop loading
[10.853][FINE]:     Command finished (/session/630d5da845457d42d6f32817860103ba/element) with response {
   "sessionId": "630d5da845457d42d6f32817860103ba",
   "status": 0,
   "value": {
      "ELEMENT": ":wdc:1329557457891"
   }
}

[10.855][FINE]:     Command received (/session/630d5da845457d42d6f32817860103ba/element/:wdc:1329557457891/text)
[10.855][FINER]:    Waiting for all views to stop loading...
[10.856][FINER]:    Done waiting for all views to stop loading
[10.866][FINER]:    Waiting for all views to stop loading...
[10.866][FINER]:    Done waiting for all views to stop loading
[10.866][FINE]:     Command finished (/session/630d5da845457d42d6f32817860103ba/element/:wdc:1329557457891/text) with response {
   "sessionId": "630d5da845457d42d6f32817860103ba",
   "status": 0,
   "value": "41"
}

[10.869][FINE]:     Command received (/session/630d5da845457d42d6f32817860103ba/element) with params {
   "using": "css selector",
   "value": "#qunit-testresult span.failed"
}

[10.869][FINER]:    Waiting for all views to stop loading...
[10.870][FINER]:    Done waiting for all views to stop loading
[10.874][FINER]:    Waiting for all views to stop loading...
[10.874][FINER]:    Done waiting for all views to stop loading
[10.874][FINE]:     Command finished (/session/630d5da845457d42d6f32817860103ba/element) with response {
   "sessionId": "630d5da845457d42d6f32817860103ba",
   "status": 0,
   "value": {
      "ELEMENT": ":wdc:1329557457892"
   }
}

[10.877][FINE]:     Command received (/session/630d5da845457d42d6f32817860103ba/element/:wdc:1329557457892/text)
[10.877][FINER]:    Waiting for all views to stop loading...
[10.877][FINER]:    Done waiting for all views to stop loading
[10.886][FINER]:    Waiting for all views to stop loading...
[10.887][FINER]:    Done waiting for all views to stop loading
[10.887][FINE]:     Command finished (/session/630d5da845457d42d6f32817860103ba/element/:wdc:1329557457892/text) with response {
   "sessionId": "630d5da845457d42d6f32817860103ba",
   "status": 0,
   "value": "0"
}

[11.169][FINE]:     Command received (/session/630d5da845457d42d6f32817860103ba/url) with params {
   "url": "http://localhost:8080/jquery.render/t..."
}

[11.169][FINER]:    Waiting for all views to stop loading...
[11.169][FINER]:    Done waiting for all views to stop loading
[11.262][FINER]:    Waiting for all views to stop loading...
[11.303][FINER]:    Done waiting for all views to stop loading
[11.303][FINE]:     Command finished (/session/630d5da845457d42d6f32817860103ba/url) with response {
   "sessionId": "630d5da845457d42d6f32817860103ba",
   "status": 0,
   "value": {

   }
}

[11.306][FINE]:     Command received (/session/630d5da845457d42d6f32817860103ba/element) with params {
   "using": "css selector",
   "value": "#qunit-testresult"
}

[11.306][FINER]:    Waiting for all views to stop loading...
[11.334][FINER]:    Done waiting for all views to stop loading
[11.450][FINER]:    Waiting for all views to stop loading...
[11.451][FINER]:    Done waiting for all views to stop loading
[11.451][FINE]:     Command finished (/session/630d5da845457d42d6f32817860103ba/element) with response {
   "sessionId": "630d5da845457d42d6f32817860103ba",
   "status": 0,
   "value": {
      "ELEMENT": ":wdc:1329557458518"
   }
}

[11.453][FINE]:     Command received (/session/630d5da845457d42d6f32817860103ba/element) with params {
   "using": "css selector",
   "value": "#qunit-testresult span.passed"
}

[11.454][FINER]:    Waiting for all views to stop loading...
[11.454][FINER]:    Done waiting for all views to stop loading
[11.458][FINER]:    Waiting for all views to stop loading...
[11.459][FINER]:    Done waiting for all views to stop loading
[11.459][FINE]:     Command finished (/session/630d5da845457d42d6f32817860103ba/element) with response {
   "sessionId": "630d5da845457d42d6f32817860103ba",
   "status": 0,
   "value": {
      "ELEMENT": ":wdc:1329557458519"
   }
}

[11.461][FINE]:     Command received (/session/630d5da845457d42d6f32817860103ba/element/:wdc:1329557458519/text)
[11.461][FINER]:    Waiting for all views to stop loading...
[11.462][FINER]:    Done waiting for all views to stop loading
[11.471][FINER]:    Waiting for all views to stop loading...
[11.472][FINER]:    Done waiting for all views to stop loading
[11.472][FINE]:     Command finished (/session/630d5da845457d42d6f32817860103ba/element/:wdc:1329557458519/text) with response {
   "sessionId": "630d5da845457d42d6f32817860103ba",
   "status": 0,
   "value": "28"
}

[11.474][FINE]:     Command received (/session/630d5da845457d42d6f32817860103ba/element) with params {
   "using": "css selector",
   "value": "#qunit-testresult span.total"
}

[11.474][FINER]:    Waiting for all views to stop loading...
[11.475][FINER]:    Done waiting for all views to stop loading
[11.478][FINER]:    Waiting for all views to stop loading...
[11.479][FINER]:    Done waiting for all views to stop loading
[11.479][FINE]:     Command finished (/session/630d5da845457d42d6f32817860103ba/element) with response {
   "sessionId": "630d5da845457d42d6f32817860103ba",
   "status": 0,
   "value": {
      "ELEMENT": ":wdc:1329557458520"
   }
}

[11.481][FINE]:     Command received (/session/630d5da845457d42d6f32817860103ba/element/:wdc:1329557458520/text)
[11.481][FINER]:    Waiting for all views to stop loading...
[11.482][FINER]:    Done waiting for all views to stop loading
[11.492][FINER]:    Waiting for all views to stop loading...
[11.492][FINER]:    Done waiting for all views to stop loading
[11.492][FINE]:     Command finished (/session/630d5da845457d42d6f32817860103ba/element/:wdc:1329557458520/text) with response {
   "sessionId": "630d5da845457d42d6f32817860103ba",
   "status": 0,
   "value": "28"
}

[11.495][FINE]:     Command received (/session/630d5da845457d42d6f32817860103ba/element) with params {
   "using": "css selector",
   "value": "#qunit-testresult span.failed"
}

[11.495][FINER]:    Waiting for all views to stop loading...
[11.496][FINER]:    Done waiting for all views to stop loading
[11.500][FINER]:    Waiting for all views to stop loading...
[11.500][FINER]:    Done waiting for all views to stop loading
[11.500][FINE]:     Command finished (/session/630d5da845457d42d6f32817860103ba/element) with response {
   "sessionId": "630d5da845457d42d6f32817860103ba",
   "status": 0,
   "value": {
      "ELEMENT": ":wdc:1329557458521"
   }
}

[11.503][FINE]:     Command received (/session/630d5da845457d42d6f32817860103ba/element/:wdc:1329557458521/text)
[11.503][FINER]:    Waiting for all views to stop loading...
[11.503][FINER]:    Done waiting for all views to stop loading
[11.514][FINER]:    Waiting for all views to stop loading...
[11.514][FINER]:    Done waiting for all views to stop loading
[11.514][FINE]:     Command finished (/session/630d5da845457d42d6f32817860103ba/element/:wdc:1329557458521/text) with response {
   "sessionId": "630d5da845457d42d6f32817860103ba",
   "status": 0,
   "value": "0"
}

[11.701][FINE]:     Command received (/session/630d5da845457d42d6f32817860103ba/url) with params {
   "url": "http://localhost:8080/jquery.simple.v..."
}

[11.701][FINER]:    Waiting for all views to stop loading...
[11.702][FINER]:    Done waiting for all views to stop loading
[11.776][FINER]:    Waiting for all views to stop loading...
[11.777][FINER]:    Done waiting for all views to stop loading
[11.777][FINE]:     Command finished (/session/630d5da845457d42d6f32817860103ba/url) with response {
   "sessionId": "630d5da845457d42d6f32817860103ba",
   "status": 0,
   "value": {

   }
}

[11.780][FINE]:     Command received (/session/630d5da845457d42d6f32817860103ba/element) with params {
   "using": "css selector",
   "value": "#qunit-testresult"
}

[11.780][FINER]:    Waiting for all views to stop loading...
[11.800][FINER]:    Done waiting for all views to stop loading
[11.812][FINER]:    Waiting for all views to stop loading...
[11.812][FINER]:    Done waiting for all views to stop loading
[11.812][FINE]:     Command finished (/session/630d5da845457d42d6f32817860103ba/element) with response {
   "sessionId": "630d5da845457d42d6f32817860103ba",
   "status": 0,
   "value": {
      "ELEMENT": ":wdc:1329557458880"
   }
}

[11.815][FINE]:     Command received (/session/630d5da845457d42d6f32817860103ba/element) with params {
   "using": "css selector",
   "value": "#qunit-testresult span.passed"
}

[11.815][FINER]:    Waiting for all views to stop loading...
[11.815][FINER]:    Done waiting for all views to stop loading
[11.826][FINER]:    Waiting for all views to stop loading...
[11.826][FINER]:    Done waiting for all views to stop loading
[11.826][FINE]:     Command finished (/session/630d5da845457d42d6f32817860103ba/element) with response {
   "sessionId": "630d5da845457d42d6f32817860103ba",
   "status": 0,
   "value": {
      "ELEMENT": ":wdc:1329557458881"
   }
}

[11.829][FINE]:     Command received (/session/630d5da845457d42d6f32817860103ba/element/:wdc:1329557458881/text)
[11.829][FINER]:    Waiting for all views to stop loading...
[11.829][FINER]:    Done waiting for all views to stop loading
[11.840][FINER]:    Waiting for all views to stop loading...
[11.840][FINER]:    Done waiting for all views to stop loading
[11.840][FINE]:     Command finished (/session/630d5da845457d42d6f32817860103ba/element/:wdc:1329557458881/text) with response {
   "sessionId": "630d5da845457d42d6f32817860103ba",
   "status": 0,
   "value": "9"
}

[11.843][FINE]:     Command received (/session/630d5da845457d42d6f32817860103ba/element) with params {
   "using": "css selector",
   "value": "#qunit-testresult span.total"
}

[11.843][FINER]:    Waiting for all views to stop loading...
[11.843][FINER]:    Done waiting for all views to stop loading
[11.854][FINER]:    Waiting for all views to stop loading...
[11.854][FINER]:    Done waiting for all views to stop loading
[11.854][FINE]:     Command finished (/session/630d5da845457d42d6f32817860103ba/element) with response {
   "sessionId": "630d5da845457d42d6f32817860103ba",
   "status": 0,
   "value": {
      "ELEMENT": ":wdc:1329557458882"
   }
}

[11.857][FINE]:     Command received (/session/630d5da845457d42d6f32817860103ba/element/:wdc:1329557458882/text)
[11.857][FINER]:    Waiting for all views to stop loading...
[11.857][FINER]:    Done waiting for all views to stop loading
[11.869][FINER]:    Waiting for all views to stop loading...
[11.869][FINER]:    Done waiting for all views to stop loading
[11.869][FINE]:     Command finished (/session/630d5da845457d42d6f32817860103ba/element/:wdc:1329557458882/text) with response {
   "sessionId": "630d5da845457d42d6f32817860103ba",
   "status": 0,
   "value": "9"
}

[11.871][FINE]:     Command received (/session/630d5da845457d42d6f32817860103ba/element) with params {
   "using": "css selector",
   "value": "#qunit-testresult span.failed"
}

[11.871][FINER]:    Waiting for all views to stop loading...
[11.872][FINER]:    Done waiting for all views to stop loading
[11.882][FINER]:    Waiting for all views to stop loading...
[11.883][FINER]:    Done waiting for all views to stop loading
[11.883][FINE]:     Command finished (/session/630d5da845457d42d6f32817860103ba/element) with response {
   "sessionId": "630d5da845457d42d6f32817860103ba",
   "status": 0,
   "value": {
      "ELEMENT": ":wdc:1329557458883"
   }
}

[11.885][FINE]:     Command received (/session/630d5da845457d42d6f32817860103ba/element/:wdc:1329557458883/text)
[11.885][FINER]:    Waiting for all views to stop loading...
[11.886][FINER]:    Done waiting for all views to stop loading
[11.896][FINER]:    Waiting for all views to stop loading...
[11.896][FINER]:    Done waiting for all views to stop loading
[11.896][FINE]:     Command finished (/session/630d5da845457d42d6f32817860103ba/element/:wdc:1329557458883/text) with response {
   "sessionId": "630d5da845457d42d6f32817860103ba",
   "status": 0,
   "value": "0"
}

